TN:
SF:src/modules/adresses/services/CreateAddressService.ts
FN:18,(anonymous_17)
FN:19,CreateAddressService
FN:24,(anonymous_19)
FNF:3
FNH:3
FNDA:1,(anonymous_17)
FNDA:2,CreateAddressService
FNDA:2,(anonymous_19)
DA:1,1
DA:18,1
DA:21,2
DA:24,1
DA:25,2
DA:27,2
DA:29,1
DA:31,1
LF:8
LH:8
BRF:0
BRH:0
end_of_record
TN:
SF:src/modules/adresses/services/UpdateAddressService.ts
FN:22,(anonymous_18)
FN:23,UpdateAddressService
FN:28,(anonymous_20)
FNF:3
FNH:3
FNDA:1,(anonymous_18)
FNDA:2,UpdateAddressService
FNDA:3,(anonymous_20)
DA:1,1
DA:3,1
DA:22,1
DA:25,2
DA:28,1
DA:29,3
DA:30,3
DA:31,3
DA:32,3
DA:33,3
DA:34,3
DA:35,3
DA:36,3
DA:37,3
DA:38,3
DA:40,3
DA:42,3
DA:43,1
DA:46,2
DA:47,1
DA:50,2
DA:51,1
DA:54,2
DA:55,1
DA:58,2
DA:59,1
DA:62,2
DA:63,1
DA:66,2
DA:67,1
DA:70,2
DA:71,1
DA:74,2
DA:75,1
DA:78,2
DA:79,1
DA:82,2
DA:84,1
DA:86,1
LF:39
LH:39
BRDA:40,0,0,3
BRDA:42,1,0,1
BRDA:42,1,1,2
BRDA:46,2,0,1
BRDA:46,2,1,1
BRDA:50,3,0,1
BRDA:50,3,1,1
BRDA:54,4,0,1
BRDA:54,4,1,1
BRDA:58,5,0,1
BRDA:58,5,1,1
BRDA:62,6,0,1
BRDA:62,6,1,1
BRDA:66,7,0,1
BRDA:66,7,1,1
BRDA:70,8,0,1
BRDA:70,8,1,1
BRDA:74,9,0,1
BRDA:74,9,1,1
BRDA:78,10,0,1
BRDA:78,10,1,1
BRF:21
BRH:21
end_of_record
TN:
SF:src/modules/advertisements/services/CreateAdvertisementService.ts
FN:39,(anonymous_18)
FN:40,CreateAdvertisementService
FN:58,(anonymous_20)
FNF:3
FNH:3
FNDA:1,(anonymous_18)
FNDA:4,CreateAdvertisementService
FNDA:5,(anonymous_20)
DA:1,1
DA:3,1
DA:39,1
DA:42,4
DA:45,4
DA:48,4
DA:51,4
DA:55,4
DA:58,1
DA:59,5
DA:60,5
DA:61,5
DA:62,5
DA:63,5
DA:64,5
DA:66,5
DA:68,5
DA:69,1
DA:72,4
DA:73,1
DA:76,3
DA:84,3
DA:85,1
DA:88,2
DA:90,2
DA:96,2
DA:105,2
DA:107,1
DA:109,1
LF:29
LH:29
BRDA:66,0,0,5
BRDA:68,1,0,1
BRDA:68,1,1,4
BRDA:72,2,0,1
BRDA:72,2,1,3
BRDA:84,3,0,1
BRDA:84,3,1,2
BRF:7
BRH:7
end_of_record
TN:
SF:src/modules/advertisements/services/DeleteAdvertisementService.ts
FN:13,(anonymous_18)
FN:14,DeleteAdvertisementService
FN:23,(anonymous_20)
FNF:3
FNH:3
FNDA:1,(anonymous_18)
FNDA:2,DeleteAdvertisementService
FNDA:2,(anonymous_20)
DA:1,1
DA:3,1
DA:13,1
DA:16,2
DA:20,2
DA:23,2
DA:24,2
DA:26,2
DA:27,1
DA:32,2
DA:34,1
DA:36,1
LF:12
LH:12
BRDA:24,0,0,2
BRDA:26,1,0,1
BRDA:26,1,1,1
BRF:3
BRH:3
end_of_record
TN:
SF:src/modules/advertisements/services/ListAdvertisementsService.ts
FN:29,(anonymous_17)
FN:30,ListAdvertisementsService
FN:39,(anonymous_19)
FNF:3
FNH:3
FNDA:1,(anonymous_17)
FNDA:1,ListAdvertisementsService
FNDA:2,(anonymous_19)
DA:1,1
DA:4,1
DA:29,1
DA:32,1
DA:36,1
DA:39,1
DA:40,2
DA:42,2
DA:44,1
DA:46,1
LF:10
LH:10
BRDA:40,0,0,2
BRF:1
BRH:1
end_of_record
TN:
SF:src/modules/advertisements/services/ShowAdvertisementService.ts
FN:13,(anonymous_18)
FN:14,ShowAdvertisementService
FN:19,(anonymous_20)
FNF:3
FNH:3
FNDA:1,(anonymous_18)
FNDA:2,ShowAdvertisementService
FNDA:2,(anonymous_20)
DA:1,1
DA:3,1
DA:13,1
DA:16,2
DA:19,2
DA:20,2
DA:22,2
DA:23,1
DA:26,1
DA:28,1
DA:30,1
LF:11
LH:11
BRDA:20,0,0,2
BRDA:22,1,0,1
BRDA:22,1,1,1
BRF:3
BRH:3
end_of_record
TN:
SF:src/modules/advertisements/services/UpdateAdvertisementAddressService.ts
FN:24,(anonymous_19)
FN:25,UpdateAdvertisementAddressService
FN:33,(anonymous_21)
FNF:3
FNH:3
FNDA:1,(anonymous_19)
FNDA:3,UpdateAdvertisementAddressService
FNDA:3,(anonymous_21)
DA:1,1
DA:3,1
DA:24,1
DA:27,3
DA:30,3
DA:33,1
DA:34,3
DA:35,3
DA:37,3
DA:41,3
DA:42,1
DA:45,2
DA:49,2
DA:50,1
DA:53,1
DA:55,2
DA:56,1
DA:58,1
DA:60,1
DA:62,1
LF:20
LH:20
BRDA:37,0,0,3
BRDA:41,1,0,1
BRDA:41,1,1,2
BRDA:49,2,0,1
BRDA:49,2,1,1
BRF:5
BRH:5
end_of_record
TN:
SF:src/modules/advertisements/services/UpdateAdvertisementService.ts
FN:20,(anonymous_18)
FN:21,UpdateAdvertisementService
FN:30,(anonymous_20)
FNF:3
FNH:3
FNDA:1,(anonymous_18)
FNDA:3,UpdateAdvertisementService
FNDA:3,(anonymous_20)
DA:1,1
DA:3,1
DA:20,1
DA:23,3
DA:27,3
DA:30,1
DA:31,3
DA:32,3
DA:33,3
DA:34,3
DA:35,3
DA:37,3
DA:41,3
DA:42,1
DA:45,2
DA:47,1
DA:50,2
DA:52,2
DA:53,1
DA:56,2
DA:57,1
DA:60,2
DA:62,1
DA:64,1
LF:24
LH:24
BRDA:37,0,0,3
BRDA:41,1,0,1
BRDA:41,1,1,2
BRDA:45,2,0,1
BRDA:45,2,1,1
BRDA:52,3,0,1
BRDA:52,3,1,1
BRDA:56,4,0,1
BRDA:56,4,1,1
BRF:9
BRH:9
end_of_record
TN:
SF:src/modules/properties/services/CreatePropertyService.ts
FN:25,(anonymous_19)
FN:26,CreatePropertyService
FN:37,(anonymous_21)
FNF:3
FNH:3
FNDA:1,(anonymous_19)
FNDA:2,CreatePropertyService
FNDA:3,(anonymous_21)
DA:1,1
DA:3,1
DA:25,1
DA:28,2
DA:31,2
DA:34,2
DA:37,3
DA:38,3
DA:40,3
DA:41,1
DA:44,2
DA:46,2
DA:52,4
DA:54,2
DA:56,1
DA:58,1
LF:16
LH:16
BRDA:38,0,0,3
BRDA:40,1,0,1
BRDA:40,1,1,2
BRF:3
BRH:3
end_of_record
TN:
SF:src/modules/properties/services/DeletePropertyService.ts
FN:13,(anonymous_18)
FN:14,DeletePropertyService
FN:22,(anonymous_20)
FNF:3
FNH:3
FNDA:1,(anonymous_18)
FNDA:2,DeletePropertyService
FNDA:2,(anonymous_20)
DA:1,1
DA:3,1
DA:13,1
DA:16,2
DA:19,2
DA:22,2
DA:23,2
DA:25,2
DA:26,1
DA:29,2
DA:33,2
DA:35,1
DA:37,1
LF:13
LH:13
BRDA:23,0,0,2
BRDA:25,1,0,1
BRDA:25,1,1,1
BRF:3
BRH:3
end_of_record
TN:
SF:src/modules/properties/services/ListPropertiesByTypeService.ts
FN:13,(anonymous_17)
FN:14,ListPropertiesByTypeService
FN:22,(anonymous_19)
FNF:3
FNH:3
FNDA:1,(anonymous_17)
FNDA:1,ListPropertiesByTypeService
FNDA:4,(anonymous_19)
DA:1,1
DA:4,1
DA:13,1
DA:16,1
DA:19,1
DA:22,4
DA:23,4
DA:25,4
DA:29,5
DA:30,3
DA:32,6
DA:35,4
DA:37,1
DA:39,1
LF:14
LH:14
BRDA:35,0,0,4
BRDA:29,1,0,1
BRDA:29,1,1,3
BRF:3
BRH:3
end_of_record
TN:
SF:src/modules/properties/services/UpdatePropertyService.ts
FN:27,(anonymous_19)
FN:28,UpdatePropertyService
FN:39,(anonymous_21)
FNF:3
FNH:3
FNDA:1,(anonymous_19)
FNDA:4,UpdatePropertyService
FNDA:4,(anonymous_21)
DA:1,1
DA:3,1
DA:27,1
DA:30,4
DA:33,4
DA:36,4
DA:39,1
DA:40,4
DA:41,4
DA:42,4
DA:43,4
DA:45,4
DA:47,4
DA:48,1
DA:51,5
DA:52,2
DA:53,2
DA:55,1
DA:58,3
DA:60,3
DA:62,3
DA:63,1
DA:66,2
DA:68,4
DA:69,2
DA:71,2
DA:73,1
DA:75,1
LF:28
LH:28
BRDA:45,0,0,4
BRDA:47,1,0,1
BRDA:47,1,1,3
BRDA:51,2,0,2
BRDA:51,2,1,1
BRDA:62,3,0,1
BRDA:62,3,1,2
BRF:7
BRH:7
end_of_record
