TN:
SF:src/modules/adresses/services/CreateAddressService.ts
FN:18,(anonymous_17)
FN:19,CreateAddressService
FN:24,(anonymous_19)
FNF:3
FNH:3
FNDA:1,(anonymous_17)
FNDA:2,CreateAddressService
FNDA:2,(anonymous_19)
DA:1,1
DA:18,1
DA:21,2
DA:24,1
DA:25,2
DA:27,2
DA:29,1
DA:31,1
LF:8
LH:8
BRF:0
BRH:0
end_of_record
TN:
SF:src/modules/adresses/services/UpdateAddressService.ts
FN:22,(anonymous_18)
FN:23,UpdateAddressService
FN:28,(anonymous_20)
FNF:3
FNH:3
FNDA:1,(anonymous_18)
FNDA:2,UpdateAddressService
FNDA:3,(anonymous_20)
DA:1,1
DA:3,1
DA:22,1
DA:25,2
DA:28,1
DA:29,3
DA:30,3
DA:31,3
DA:32,3
DA:33,3
DA:34,3
DA:35,3
DA:36,3
DA:37,3
DA:38,3
DA:40,3
DA:42,3
DA:43,1
DA:46,2
DA:47,1
DA:50,2
DA:51,1
DA:54,2
DA:55,1
DA:58,2
DA:59,1
DA:62,2
DA:63,1
DA:66,2
DA:67,1
DA:70,2
DA:71,1
DA:74,2
DA:75,1
DA:78,2
DA:79,1
DA:82,2
DA:84,1
DA:86,1
LF:39
LH:39
BRDA:40,0,0,3
BRDA:42,1,0,1
BRDA:42,1,1,2
BRDA:46,2,0,1
BRDA:46,2,1,1
BRDA:50,3,0,1
BRDA:50,3,1,1
BRDA:54,4,0,1
BRDA:54,4,1,1
BRDA:58,5,0,1
BRDA:58,5,1,1
BRDA:62,6,0,1
BRDA:62,6,1,1
BRDA:66,7,0,1
BRDA:66,7,1,1
BRDA:70,8,0,1
BRDA:70,8,1,1
BRDA:74,9,0,1
BRDA:74,9,1,1
BRDA:78,10,0,1
BRDA:78,10,1,1
BRF:21
BRH:21
end_of_record
TN:
SF:src/modules/advertisements/services/CreateAdvertisementService.ts
FN:39,(anonymous_18)
FN:40,CreateAdvertisementService
FN:58,(anonymous_20)
FNF:3
FNH:3
FNDA:1,(anonymous_18)
FNDA:4,CreateAdvertisementService
FNDA:5,(anonymous_20)
DA:1,1
DA:3,1
DA:39,1
DA:42,4
DA:45,4
DA:48,4
DA:51,4
DA:55,4
DA:58,1
DA:59,5
DA:60,5
DA:61,5
DA:62,5
DA:63,5
DA:64,5
DA:66,5
DA:68,5
DA:69,1
DA:72,4
DA:73,1
DA:76,3
DA:84,3
DA:85,1
DA:88,2
DA:90,2
DA:96,2
DA:105,2
DA:107,1
DA:109,1
LF:29
LH:29
BRDA:66,0,0,5
BRDA:68,1,0,1
BRDA:68,1,1,4
BRDA:72,2,0,1
BRDA:72,2,1,3
BRDA:84,3,0,1
BRDA:84,3,1,2
BRF:7
BRH:7
end_of_record
TN:
SF:src/modules/advertisements/services/DeleteAdvertisementService.ts
FN:13,(anonymous_18)
FN:14,DeleteAdvertisementService
FN:23,(anonymous_20)
FNF:3
FNH:3
FNDA:1,(anonymous_18)
FNDA:2,DeleteAdvertisementService
FNDA:2,(anonymous_20)
DA:1,1
DA:3,1
DA:13,1
DA:16,2
DA:20,2
DA:23,2
DA:24,2
DA:26,2
DA:27,1
DA:32,2
DA:34,1
DA:36,1
LF:12
LH:12
BRDA:24,0,0,2
BRDA:26,1,0,1
BRDA:26,1,1,1
BRF:3
BRH:3
end_of_record
TN:
SF:src/modules/advertisements/services/UpdateAdvertisementService.ts
FN:20,(anonymous_18)
FN:21,UpdateAdvertisementService
FN:30,(anonymous_20)
FNF:3
FNH:3
FNDA:1,(anonymous_18)
FNDA:3,UpdateAdvertisementService
FNDA:3,(anonymous_20)
DA:1,1
DA:3,1
DA:20,1
DA:23,3
DA:27,3
DA:30,1
DA:31,3
DA:32,3
DA:33,3
DA:34,3
DA:35,3
DA:37,3
DA:41,3
DA:42,1
DA:45,2
DA:47,1
DA:50,2
DA:52,2
DA:53,1
DA:56,2
DA:57,1
DA:60,2
DA:62,1
DA:64,1
LF:24
LH:24
BRDA:37,0,0,3
BRDA:41,1,0,1
BRDA:41,1,1,2
BRDA:45,2,0,1
BRDA:45,2,1,1
BRDA:52,3,0,1
BRDA:52,3,1,1
BRDA:56,4,0,1
BRDA:56,4,1,1
BRF:9
BRH:9
end_of_record
TN:
SF:src/modules/properties/services/CreatePropertyService.ts
FN:25,(anonymous_19)
FN:26,CreatePropertyService
FN:37,(anonymous_21)
FNF:3
FNH:3
FNDA:1,(anonymous_19)
FNDA:2,CreatePropertyService
FNDA:3,(anonymous_21)
DA:1,1
DA:3,1
DA:25,1
DA:28,2
DA:31,2
DA:34,2
DA:37,3
DA:38,3
DA:40,3
DA:41,1
DA:44,2
DA:46,2
DA:52,4
DA:54,2
DA:56,1
DA:58,1
LF:16
LH:16
BRDA:38,0,0,3
BRDA:40,1,0,1
BRDA:40,1,1,2
BRF:3
BRH:3
end_of_record
TN:
SF:src/modules/properties/services/DeletePropertyService.ts
FN:13,(anonymous_18)
FN:14,DeletePropertyService
FN:22,(anonymous_20)
FNF:3
FNH:3
FNDA:1,(anonymous_18)
FNDA:2,DeletePropertyService
FNDA:2,(anonymous_20)
DA:1,1
DA:3,1
DA:13,1
DA:16,2
DA:19,2
DA:22,2
DA:23,2
DA:25,2
DA:26,1
DA:29,2
DA:33,2
DA:35,1
DA:37,1
LF:13
LH:13
BRDA:23,0,0,2
BRDA:25,1,0,1
BRDA:25,1,1,1
BRF:3
BRH:3
end_of_record
TN:
SF:src/modules/properties/services/ListPropertiesByTypeService.ts
FN:13,(anonymous_17)
FN:14,ListPropertiesByTypeService
FN:22,(anonymous_19)
FNF:3
FNH:3
FNDA:1,(anonymous_17)
FNDA:1,ListPropertiesByTypeService
FNDA:4,(anonymous_19)
DA:1,1
DA:4,1
DA:13,1
DA:16,1
DA:19,1
DA:22,4
DA:23,4
DA:25,4
DA:29,5
DA:30,3
DA:32,6
DA:35,4
DA:37,1
DA:39,1
LF:14
LH:14
BRDA:35,0,0,4
BRDA:29,1,0,1
BRDA:29,1,1,3
BRF:3
BRH:3
end_of_record
TN:
SF:src/modules/properties/services/UpdatePropertyService.ts
FN:27,(anonymous_19)
FN:28,UpdatePropertyService
FN:39,(anonymous_21)
FNF:3
FNH:3
FNDA:1,(anonymous_19)
FNDA:4,UpdatePropertyService
FNDA:4,(anonymous_21)
DA:1,1
DA:3,1
DA:27,1
DA:30,4
DA:33,4
DA:36,4
DA:39,1
DA:40,4
DA:41,4
DA:42,4
DA:43,4
DA:45,4
DA:47,4
DA:48,1
DA:51,5
DA:52,2
DA:53,2
DA:55,1
DA:58,3
DA:60,3
DA:62,3
DA:63,1
DA:66,2
DA:68,4
DA:69,2
DA:71,2
DA:73,1
DA:75,1
LF:28
LH:28
BRDA:45,0,0,4
BRDA:47,1,0,1
BRDA:47,1,1,3
BRDA:51,2,0,2
BRDA:51,2,1,1
BRDA:62,3,0,1
BRDA:62,3,1,2
BRF:7
BRH:7
end_of_record
TN:
SF:src/modules/users/services/AuthenticateUserService.ts
FN:22,(anonymous_18)
FN:23,AuthenticateUserService
FN:31,(anonymous_20)
FNF:3
FNH:3
FNDA:1,(anonymous_18)
FNDA:3,AuthenticateUserService
FNDA:3,(anonymous_20)
DA:1,1
DA:2,1
DA:3,1
DA:5,1
DA:22,1
DA:25,3
DA:28,3
DA:31,3
DA:32,3
DA:34,3
DA:35,1
DA:38,2
DA:43,2
DA:44,1
DA:47,1
DA:49,1
DA:54,1
DA:59,1
DA:61,1
LF:19
LH:19
BRDA:32,0,0,3
BRDA:34,1,0,1
BRDA:34,1,1,2
BRDA:43,2,0,1
BRDA:43,2,1,1
BRF:5
BRH:5
end_of_record
TN:
SF:src/modules/users/services/CreateUserService.ts
FN:19,(anonymous_18)
FN:20,CreateUserService
FN:31,(anonymous_20)
FNF:3
FNH:3
FNDA:2,(anonymous_18)
FNDA:4,CreateUserService
FNDA:5,(anonymous_20)
DA:1,2
DA:3,2
DA:19,2
DA:22,4
DA:25,4
DA:28,4
DA:31,2
DA:32,5
DA:33,5
DA:34,5
DA:35,5
DA:36,5
DA:38,5
DA:40,5
DA:41,1
DA:44,4
DA:46,4
DA:54,8
DA:56,4
DA:58,2
DA:60,2
LF:21
LH:21
BRDA:38,0,0,5
BRDA:40,1,0,1
BRDA:40,1,1,4
BRF:3
BRH:3
end_of_record
TN:
SF:src/modules/users/services/ResetPasswordService.ts
FN:17,(anonymous_18)
FN:18,ResetPasswordService
FN:29,(anonymous_20)
FNF:3
FNH:3
FNDA:1,(anonymous_18)
FNDA:4,ResetPasswordService
FNDA:4,(anonymous_20)
DA:1,1
DA:2,1
DA:4,1
DA:17,1
DA:20,4
DA:23,4
DA:26,4
DA:29,4
DA:30,4
DA:32,4
DA:33,1
DA:36,3
DA:38,3
DA:39,1
DA:42,2
DA:43,2
DA:45,2
DA:46,1
DA:49,1
DA:51,1
DA:53,1
DA:55,1
LF:22
LH:22
BRDA:30,0,0,4
BRDA:32,1,0,1
BRDA:32,1,1,3
BRDA:38,2,0,1
BRDA:38,2,1,2
BRDA:45,3,0,1
BRDA:45,3,1,1
BRF:7
BRH:7
end_of_record
TN:
SF:src/modules/users/services/SendForgotPasswordEmailService.ts
FN:15,(anonymous_18)
FN:16,SendForgotPasswordEmailService
FN:27,(anonymous_20)
FNF:3
FNH:3
FNDA:1,(anonymous_18)
FNDA:3,SendForgotPasswordEmailService
FNDA:3,(anonymous_20)
DA:1,1
DA:2,1
DA:4,1
DA:15,1
DA:18,3
DA:21,3
DA:24,3
DA:27,3
DA:28,3
DA:30,3
DA:31,1
DA:34,2
DA:36,2
DA:43,4
DA:58,1
DA:60,1
LF:16
LH:16
BRDA:28,0,0,3
BRDA:30,1,0,1
BRDA:30,1,1,2
BRF:3
BRH:3
end_of_record
TN:
SF:src/modules/users/services/ShowProfileService.ts
FN:13,(anonymous_18)
FN:14,ShowProfileService
FN:19,(anonymous_20)
FNF:3
FNH:3
FNDA:1,(anonymous_18)
FNDA:2,ShowProfileService
FNDA:2,(anonymous_20)
DA:1,1
DA:3,1
DA:13,1
DA:16,2
DA:19,2
DA:20,2
DA:22,2
DA:23,1
DA:26,1
DA:28,1
DA:30,1
LF:11
LH:11
BRDA:20,0,0,2
BRDA:22,1,0,1
BRDA:22,1,1,1
BRF:3
BRH:3
end_of_record
TN:
SF:src/modules/users/services/UpdateProfileAddressService.ts
FN:25,(anonymous_19)
FN:26,UpdateProfileAddressService
FN:34,(anonymous_21)
FNF:3
FNH:3
FNDA:1,(anonymous_19)
FNDA:5,UpdateProfileAddressService
FNDA:7,(anonymous_21)
DA:1,1
DA:3,1
DA:25,1
DA:28,5
DA:31,5
DA:34,7
DA:35,7
DA:37,7
DA:38,1
DA:42,10
DA:43,2
DA:45,2
DA:46,1
DA:49,1
DA:51,4
DA:58,1
DA:61,3
DA:73,3
DA:74,3
DA:76,8
DA:77,4
DA:79,4
DA:81,1
DA:83,1
LF:24
LH:24
BRDA:35,0,0,7
BRDA:35,0,1,4
BRDA:37,1,0,1
BRDA:37,1,1,6
BRDA:42,2,0,4
BRDA:42,2,1,2
BRDA:45,3,0,1
BRDA:45,3,1,1
BRDA:51,4,0,1
BRDA:51,4,1,3
BRDA:52,5,0,4
BRDA:52,5,1,4
BRDA:52,5,2,4
BRDA:52,5,3,3
BRDA:52,5,4,3
BRF:15
BRH:15
end_of_record
TN:
SF:src/modules/users/services/UpdateProfileService.ts
FN:23,(anonymous_18)
FN:24,UpdateProfileService
FN:32,(anonymous_20)
FNF:3
FNH:3
FNDA:1,(anonymous_18)
FNDA:10,UpdateProfileService
FNDA:10,(anonymous_20)
DA:1,1
DA:3,1
DA:23,1
DA:26,10
DA:29,10
DA:32,1
DA:33,10
DA:34,10
DA:35,10
DA:36,10
DA:37,10
DA:38,10
DA:39,10
DA:40,10
DA:41,10
DA:42,10
DA:44,10
DA:46,10
DA:47,1
DA:50,9
DA:52,9
DA:53,1
DA:56,8
DA:57,8
DA:59,8
DA:60,1
DA:63,8
DA:64,1
DA:67,8
DA:68,1
DA:71,8
DA:72,1
DA:75,8
DA:76,1
DA:79,8
DA:80,1
DA:85,12
DA:86,2
DA:91,2
DA:92,1
DA:95,1
DA:98,6
DA:100,1
DA:102,1
LF:44
LH:44
BRDA:44,0,0,10
BRDA:44,0,1,6
BRDA:46,1,0,1
BRDA:46,1,1,9
BRDA:52,2,0,1
BRDA:52,2,1,8
BRDA:52,3,0,9
BRDA:52,3,1,1
BRDA:59,4,0,1
BRDA:59,4,1,7
BRDA:63,5,0,1
BRDA:63,5,1,7
BRDA:67,6,0,1
BRDA:67,6,1,7
BRDA:71,7,0,1
BRDA:71,7,1,7
BRDA:75,8,0,1
BRDA:75,8,1,7
BRDA:79,9,0,1
BRDA:79,9,1,7
BRDA:79,10,0,8
BRDA:79,10,1,3
BRDA:85,11,0,5
BRDA:85,11,1,2
BRDA:85,12,0,7
BRDA:85,12,1,2
BRDA:91,13,0,1
BRDA:91,13,1,1
BRF:28
BRH:28
end_of_record
TN:
SF:src/modules/users/services/UpdateUserAvatarService.ts
FN:15,(anonymous_18)
FN:16,UpdateUserAvatarService
FN:24,(anonymous_20)
FNF:3
FNH:3
FNDA:1,(anonymous_18)
FNDA:3,UpdateUserAvatarService
FNDA:4,(anonymous_20)
DA:1,1
DA:3,1
DA:15,1
DA:18,3
DA:21,3
DA:24,4
DA:25,4
DA:27,4
DA:28,1
DA:31,5
DA:32,2
DA:35,3
DA:37,3
DA:39,3
DA:41,3
DA:43,1
DA:45,1
LF:17
LH:17
BRDA:25,0,0,4
BRDA:25,0,1,3
BRDA:27,1,0,1
BRDA:27,1,1,3
BRDA:31,2,0,2
BRDA:31,2,1,1
BRF:6
BRH:6
end_of_record
